-------------------------------------------------------------------------------
Test set: com.nev.flooringmastery.dao.FlooringMasteryProductDaoImplTest
-------------------------------------------------------------------------------
Tests run: 1, Failures: 1, Errors: 0, Skipped: 0, Time elapsed: 0.004 sec <<< FAILURE!
com.nev.flooringmastery.dao.FlooringMasteryProductDaoImplTest.testSomeMethod()  Time elapsed: 0.003 sec  <<< FAILURE!
org.opentest4j.AssertionFailedError: The test case is a prototype.
	at org.junit.jupiter.api.AssertionUtils.fail(AssertionUtils.java:39)
	at org.junit.jupiter.api.Assertions.fail(Assertions.java:109)
	at com.nev.flooringmastery.dao.FlooringMasteryProductDaoImplTest.testSomeMethod(FlooringMasteryProductDaoImplTest.java:41)

