-------------------------------------------------------------------------------
Test set: com.nev.flooringmastery.dao.FlooringMasteryStateTaxDaoImplTest
-------------------------------------------------------------------------------
Tests run: 1, Failures: 1, Errors: 0, Skipped: 0, Time elapsed: 0 sec <<< FAILURE!
com.nev.flooringmastery.dao.FlooringMasteryStateTaxDaoImplTest.testSomeMethod()  Time elapsed: 0 sec  <<< FAILURE!
org.opentest4j.AssertionFailedError: The test case is a prototype.
	at org.junit.jupiter.api.AssertionUtils.fail(AssertionUtils.java:39)
	at org.junit.jupiter.api.Assertions.fail(Assertions.java:109)
	at com.nev.flooringmastery.dao.FlooringMasteryStateTaxDaoImplTest.testSomeMethod(FlooringMasteryStateTaxDaoImplTest.java:43)

