-------------------------------------------------------------------------------
Test set: com.nev.flooringmastery.dao.FlooringMasteryOrderDaoImplTest
-------------------------------------------------------------------------------
Tests run: 1, Failures: 1, Errors: 0, Skipped: 0, Time elapsed: 0.024 sec <<< FAILURE!
com.nev.flooringmastery.dao.FlooringMasteryOrderDaoImplTest.testAddAndGetOrder()  Time elapsed: 0.024 sec  <<< FAILURE!
java.lang.NullPointerException
	at com.nev.flooringmastery.dao.FlooringMasteryOrderDaoImplTest.testAddAndGetOrder(FlooringMasteryOrderDaoImplTest.java:58)

