<?xml version="1.0" encoding="UTF-8" ?>
<testsuite tests="1" failures="1" name="com.nev.flooringmastery.dao.FlooringMasteryProductDaoImplTest" time="0.003" errors="0" skipped="0">
  <properties>
[...]
</properties>
  <testcase classname="com.nev.flooringmastery.dao.FlooringMasteryProductDaoImplTest" name="com.nev.flooringmastery.dao.FlooringMasteryProductDaoImplTest.testSomeMethod" time="0.003">
    <failure message="The test case is a prototype." type="org.opentest4j.AssertionFailedError">org.opentest4j.AssertionFailedError: The test case is a prototype.
	at org.junit.jupiter.api.AssertionUtils.fail(AssertionUtils.java:39)
	at org.junit.jupiter.api.Assertions.fail(Assertions.java:109)
	at com.nev.flooringmastery.dao.FlooringMasteryProductDaoImplTest.testSomeMethod(FlooringMasteryProductDaoImplTest.java:41)
</failure>
  </testcase>
</testsuite>