<?xml version="1.0" encoding="UTF-8"?>
<testsuite xmlns:xsi="http://www.w3.org/2001/XMLSchema-instance" xsi:schemaLocation="https://maven.apache.org/surefire/maven-surefire-plugin/xsd/surefire-test-report.xsd" name="com.nev.flooringmastery.service.FlooringMasteryServiceLayerImplTest" time="0.486" tests="9" errors="0" skipped="0" failures="0">
  <properties>
[...]
</properties>
  <testcase name="testValidNewOrder" classname="com.nev.flooringmastery.service.FlooringMasteryServiceLayerImplTest" time="0.032"/>
  <testcase name="testNewOrderInvalidArea" classname="com.nev.flooringmastery.service.FlooringMasteryServiceLayerImplTest" time="0"/>
  <testcase name="testNewOrderInvalidProduct" classname="com.nev.flooringmastery.service.FlooringMasteryServiceLayerImplTest" time="0.001"/>
  <testcase name="testNewOrderInvalidState" classname="com.nev.flooringmastery.service.FlooringMasteryServiceLayerImplTest" time="0.006"/>
  <testcase name="testGetOrder" classname="com.nev.flooringmastery.service.FlooringMasteryServiceLayerImplTest" time="0.006"/>
  <testcase name="testRemoveOrder" classname="com.nev.flooringmastery.service.FlooringMasteryServiceLayerImplTest" time="0.002"/>
  <testcase name="testGetAllOrders" classname="com.nev.flooringmastery.service.FlooringMasteryServiceLayerImplTest" time="0.001"/>
  <testcase name="testNewOrderInvalidCustomerName" classname="com.nev.flooringmastery.service.FlooringMasteryServiceLayerImplTest" time="0.001"/>
  <testcase name="testNewOrderInvalidOrderDate" classname="com.nev.flooringmastery.service.FlooringMasteryServiceLayerImplTest" time="0.008"/>
</testsuite>